09:17:51:301  INFO 61276 --- [main] com.hmall.user.UserApplication           : The following 1 profile is active: "local"
09:17:52:068  INFO 61276 --- [main] .s.d.r.c.RepositoryConfigurationDelegate : Multiple Spring Data modules found, entering strict repository configuration mode
09:17:52:076  INFO 61276 --- [main] .s.d.r.c.RepositoryConfigurationDelegate : Bootstrapping Spring Data Redis repositories in DEFAULT mode.
09:17:52:102  INFO 61276 --- [main] .s.d.r.c.RepositoryConfigurationDelegate : Finished Spring Data repository scanning in 11 ms. Found 0 Redis repository interfaces.
09:17:52:306  INFO 61276 --- [main] o.s.cloud.context.scope.GenericScope     : BeanFactory id=e11923fa-7b07-35a9-b8fe-ee0af897a08c
09:17:52:355  INFO 61276 --- [main] trationDelegate$BeanPostProcessorChecker : Bean 'io.seata.spring.boot.autoconfigure.SeataCoreAutoConfiguration' of type [io.seata.spring.boot.autoconfigure.SeataCoreAutoConfiguration] is not eligible for getting processed by all BeanPostProcessors (for example: not eligible for auto-proxying)
09:17:52:357  INFO 61276 --- [main] trationDelegate$BeanPostProcessorChecker : Bean 'springApplicationContextProvider' of type [io.seata.spring.boot.autoconfigure.provider.SpringApplicationContextProvider] is not eligible for getting processed by all BeanPostProcessors (for example: not eligible for auto-proxying)
09:17:52:357  INFO 61276 --- [main] trationDelegate$BeanPostProcessorChecker : Bean 'io.seata.spring.boot.autoconfigure.SeataAutoConfiguration' of type [io.seata.spring.boot.autoconfigure.SeataAutoConfiguration] is not eligible for getting processed by all BeanPostProcessors (for example: not eligible for auto-proxying)
09:17:52:380  INFO 61276 --- [main] trationDelegate$BeanPostProcessorChecker : Bean 'failureHandler' of type [io.seata.tm.api.DefaultFailureHandlerImpl] is not eligible for getting processed by all BeanPostProcessors (for example: not eligible for auto-proxying)
09:17:52:383  INFO 61276 --- [main] trationDelegate$BeanPostProcessorChecker : Bean 'org.springframework.cloud.commons.config.CommonsConfigAutoConfiguration' of type [org.springframework.cloud.commons.config.CommonsConfigAutoConfiguration] is not eligible for getting processed by all BeanPostProcessors (for example: not eligible for auto-proxying)
09:17:52:384  INFO 61276 --- [main] trationDelegate$BeanPostProcessorChecker : Bean 'org.springframework.cloud.client.loadbalancer.LoadBalancerDefaultMappingsProviderAutoConfiguration' of type [org.springframework.cloud.client.loadbalancer.LoadBalancerDefaultMappingsProviderAutoConfiguration] is not eligible for getting processed by all BeanPostProcessors (for example: not eligible for auto-proxying)
09:17:52:384  INFO 61276 --- [main] trationDelegate$BeanPostProcessorChecker : Bean 'loadBalancerClientsDefaultsMappingsProvider' of type [org.springframework.cloud.client.loadbalancer.LoadBalancerDefaultMappingsProviderAutoConfiguration$$Lambda$592/0x0000000800685c40] is not eligible for getting processed by all BeanPostProcessors (for example: not eligible for auto-proxying)
09:17:52:385  INFO 61276 --- [main] trationDelegate$BeanPostProcessorChecker : Bean 'defaultsBindHandlerAdvisor' of type [org.springframework.cloud.commons.config.DefaultsBindHandlerAdvisor] is not eligible for getting processed by all BeanPostProcessors (for example: not eligible for auto-proxying)
09:17:52:387  INFO 61276 --- [main] trationDelegate$BeanPostProcessorChecker : Bean 'springCloudAlibabaConfiguration' of type [io.seata.spring.boot.autoconfigure.properties.SpringCloudAlibabaConfiguration] is not eligible for getting processed by all BeanPostProcessors (for example: not eligible for auto-proxying)
09:17:52:388  INFO 61276 --- [main] trationDelegate$BeanPostProcessorChecker : Bean 'seataProperties' of type [io.seata.spring.boot.autoconfigure.properties.SeataProperties] is not eligible for getting processed by all BeanPostProcessors (for example: not eligible for auto-proxying)
09:17:52:390  INFO 61276 --- [main] i.s.s.b.a.SeataAutoConfiguration         : Automatically configure Seata
09:17:52:435  INFO 61276 --- [main] io.seata.config.ConfigurationFactory     : load Configuration from :Spring Configuration
09:17:52:439  INFO 61276 --- [main] io.seata.config.ConfigurationFactory     : load Configuration from :Spring Configuration
09:17:52:488  INFO 61276 --- [main] i.s.s.a.GlobalTransactionScanner         : Initializing Global Transaction Clients ... 
09:17:52:543  INFO 61276 --- [main] i.s.core.rpc.netty.NettyClientBootstrap  : NettyClientBootstrap has started
09:17:52:682  INFO 61276 --- [main] com.alibaba.nacos.common.remote.client   : [RpcClientFactory] create a new rpc client of 23b02617-15e4-4a1d-97cc-4146596730d7
09:17:52:683  INFO 61276 --- [main] com.alibaba.nacos.common.remote.client   : [23b02617-15e4-4a1d-97cc-4146596730d7] RpcClient init label, labels = {module=naming, source=sdk}
09:17:52:685  INFO 61276 --- [main] com.alibaba.nacos.common.remote.client   : [23b02617-15e4-4a1d-97cc-4146596730d7] RpcClient init, ServerListFactory = com.alibaba.nacos.client.naming.core.ServerListManager
09:17:52:685  INFO 61276 --- [main] com.alibaba.nacos.common.remote.client   : [23b02617-15e4-4a1d-97cc-4146596730d7] Registry connection listener to current client:com.alibaba.nacos.client.naming.remote.gprc.redo.NamingGrpcRedoService
09:17:52:686  INFO 61276 --- [main] com.alibaba.nacos.common.remote.client   : [23b02617-15e4-4a1d-97cc-4146596730d7] Register server push request handler:com.alibaba.nacos.client.naming.remote.gprc.NamingPushRequestHandler
09:17:52:686  INFO 61276 --- [main] com.alibaba.nacos.common.remote.client   : [23b02617-15e4-4a1d-97cc-4146596730d7] Try to connect to server on start up, server: {serverIp = '172.25.138.243', server main port = 8848}
09:17:52:814  INFO 61276 --- [main] com.alibaba.nacos.common.remote.client   : [23b02617-15e4-4a1d-97cc-4146596730d7] Success to connect to server [172.25.138.243:8848] on start up, connectionId = 1779844672696_172.17.0.1_39434
09:17:52:814  INFO 61276 --- [main] com.alibaba.nacos.common.remote.client   : [23b02617-15e4-4a1d-97cc-4146596730d7] Register server push request handler:com.alibaba.nacos.common.remote.client.RpcClient$ConnectResetRequestHandler
09:17:52:814  INFO 61276 --- [main] com.alibaba.nacos.common.remote.client   : [23b02617-15e4-4a1d-97cc-4146596730d7] Register server push request handler:com.alibaba.nacos.common.remote.client.RpcClient$$Lambda$473/0x000000080041bc40
09:17:52:814  INFO 61276 --- [com.alibaba.nacos.client.remote.worker] com.alibaba.nacos.common.remote.client   : [23b02617-15e4-4a1d-97cc-4146596730d7] Notify connected event to listeners.
09:17:52:862  INFO 61276 --- [main] i.s.c.r.netty.NettyClientChannelManager  : will connect to 172.25.138.243:8099
09:17:53:256  INFO 61276 --- [main] i.s.core.rpc.netty.NettyPoolableFactory  : NettyPool create channel to transactionRole:TMROLE,address:172.25.138.243:8099,msg:< RegisterTMRequest{applicationId='hm-user', transactionServiceGroup='hmall'} >
09:17:53:348  INFO 61276 --- [nacos-grpc-client-executor-5] com.alibaba.nacos.common.remote.client   : [23b02617-15e4-4a1d-97cc-4146596730d7] Receive server push request, request = NotifySubscriberRequest, requestId = 50
09:17:53:351  INFO 61276 --- [nacos-grpc-client-executor-5] com.alibaba.nacos.common.remote.client   : [23b02617-15e4-4a1d-97cc-4146596730d7] Ack server push request, request = NotifySubscriberRequest, requestId = 50
09:17:53:738  INFO 61276 --- [main] i.s.c.rpc.netty.TmNettyRemotingClient    : register TM success. client version:1.5.2, server version:1.5.2,channel:[id: 0xecdbfcdf, L:/172.25.128.1:52571 - R:/172.25.138.243:8099]
09:17:53:740  INFO 61276 --- [main] i.s.core.rpc.netty.NettyPoolableFactory  : register success, cost 50 ms, version:1.5.2,role:TMROLE,channel:[id: 0xecdbfcdf, L:/172.25.128.1:52571 - R:/172.25.138.243:8099]
09:17:53:742  INFO 61276 --- [main] i.s.s.a.GlobalTransactionScanner         : Transaction Manager Client is initialized. applicationId[hm-user] txServiceGroup[hmall]
09:17:53:750  INFO 61276 --- [main] io.seata.rm.datasource.AsyncWorker       : Async Commit Buffer Limit: 10000
09:17:53:750  INFO 61276 --- [main] i.s.rm.datasource.xa.ResourceManagerXA   : ResourceManagerXA init ...
09:17:53:757  INFO 61276 --- [main] i.s.core.rpc.netty.NettyClientBootstrap  : NettyClientBootstrap has started
09:17:53:757  INFO 61276 --- [main] i.s.s.a.GlobalTransactionScanner         : Resource Manager is initialized. applicationId[hm-user] txServiceGroup[hmall]
09:17:53:758  INFO 61276 --- [main] i.s.s.a.GlobalTransactionScanner         : Global Transaction Clients are initialized. 
09:17:53:759  INFO 61276 --- [main] trationDelegate$BeanPostProcessorChecker : Bean 'io.seata.spring.boot.autoconfigure.SeataDataSourceAutoConfiguration' of type [io.seata.spring.boot.autoconfigure.SeataDataSourceAutoConfiguration] is not eligible for getting processed by all BeanPostProcessors (for example: not eligible for auto-proxying)
09:17:53:912  INFO 61276 --- [main] trationDelegate$BeanPostProcessorChecker : Bean 'com.alibaba.cloud.seata.feign.SeataFeignClientAutoConfiguration$FeignBeanPostProcessorConfiguration' of type [com.alibaba.cloud.seata.feign.SeataFeignClientAutoConfiguration$FeignBeanPostProcessorConfiguration] is not eligible for getting processed by all BeanPostProcessors (for example: not eligible for auto-proxying)
09:17:53:913  INFO 61276 --- [main] trationDelegate$BeanPostProcessorChecker : Bean 'seataFeignObjectWrapper' of type [com.alibaba.cloud.seata.feign.SeataFeignObjectWrapper] is not eligible for getting processed by all BeanPostProcessors (for example: not eligible for auto-proxying)
09:17:54:181  INFO 61276 --- [main] o.s.b.w.embedded.tomcat.TomcatWebServer  : Tomcat initialized with port(s): 8087 (http)
09:17:54:189  INFO 61276 --- [main] o.apache.catalina.core.StandardService   : Starting service [Tomcat]
09:17:54:190  INFO 61276 --- [main] org.apache.catalina.core.StandardEngine  : Starting Servlet engine: [Apache Tomcat/9.0.75]
09:17:54:368  INFO 61276 --- [main] o.a.c.c.C.[Tomcat].[localhost].[/]       : Initializing Spring embedded WebApplicationContext
09:17:54:368  INFO 61276 --- [main] w.s.c.ServletWebServerApplicationContext : Root WebApplicationContext: initialization completed in 3051 ms
09:17:54:549  INFO 61276 --- [main] com.zaxxer.hikari.HikariDataSource       : HikariPool-1 - Starting...
09:17:54:750  INFO 61276 --- [main] com.zaxxer.hikari.HikariDataSource       : HikariPool-1 - Start completed.
09:17:54:761  INFO 61276 --- [main] i.s.c.r.netty.NettyClientChannelManager  : will connect to 172.25.138.243:8099
09:17:54:762  INFO 61276 --- [main] i.s.c.rpc.netty.RmNettyRemotingClient    : RM will register :jdbc:mysql://172.25.138.243:3307/hm-user
09:17:54:762  INFO 61276 --- [main] i.s.core.rpc.netty.NettyPoolableFactory  : NettyPool create channel to transactionRole:RMROLE,address:172.25.138.243:8099,msg:< RegisterRMRequest{resourceIds='jdbc:mysql://172.25.138.243:3307/hm-user', applicationId='hm-user', transactionServiceGroup='hmall'} >
09:17:54:773  INFO 61276 --- [main] i.s.c.rpc.netty.RmNettyRemotingClient    : register RM success. client version:1.5.2, server version:1.5.2,channel:[id: 0xb98ab36e, L:/172.25.128.1:52578 - R:/172.25.138.243:8099]
09:17:54:773  INFO 61276 --- [main] i.s.core.rpc.netty.NettyPoolableFactory  : register success, cost 9 ms, version:1.5.2,role:RMROLE,channel:[id: 0xb98ab36e, L:/172.25.128.1:52578 - R:/172.25.138.243:8099]
09:17:56:652  INFO 61276 --- [main] c.a.c.sentinel.SentinelWebMvcConfigurer  : [Sentinel Starter] register SentinelWebInterceptor with urlPatterns: [/**].
09:17:57:661  INFO 61276 --- [main] pertySourcedRequestMappingHandlerMapping : Mapped URL path [/v2/api-docs] onto method [springfox.documentation.swagger2.web.Swagger2ControllerWebMvc#getDocumentation(String, HttpServletRequest)]
09:17:58:606  INFO 61276 --- [main] com.alibaba.nacos.common.remote.client   : [RpcClientFactory] create a new rpc client of 888e38a5-14db-4596-b348-09c1878520a3
09:17:58:606  INFO 61276 --- [main] com.alibaba.nacos.common.remote.client   : [888e38a5-14db-4596-b348-09c1878520a3] RpcClient init label, labels = {module=naming, source=sdk}
09:17:58:606  INFO 61276 --- [main] com.alibaba.nacos.common.remote.client   : [888e38a5-14db-4596-b348-09c1878520a3] RpcClient init, ServerListFactory = com.alibaba.nacos.client.naming.core.ServerListManager
09:17:58:606  INFO 61276 --- [main] com.alibaba.nacos.common.remote.client   : [888e38a5-14db-4596-b348-09c1878520a3] Registry connection listener to current client:com.alibaba.nacos.client.naming.remote.gprc.redo.NamingGrpcRedoService
09:17:58:607  INFO 61276 --- [main] com.alibaba.nacos.common.remote.client   : [888e38a5-14db-4596-b348-09c1878520a3] Register server push request handler:com.alibaba.nacos.client.naming.remote.gprc.NamingPushRequestHandler
09:17:58:607  INFO 61276 --- [main] com.alibaba.nacos.common.remote.client   : [888e38a5-14db-4596-b348-09c1878520a3] Try to connect to server on start up, server: {serverIp = '172.25.138.243', server main port = 8848}
09:17:58:731  INFO 61276 --- [main] com.alibaba.nacos.common.remote.client   : [888e38a5-14db-4596-b348-09c1878520a3] Success to connect to server [172.25.138.243:8848] on start up, connectionId = 1779844678616_172.17.0.1_35522
09:17:58:731  INFO 61276 --- [main] com.alibaba.nacos.common.remote.client   : [888e38a5-14db-4596-b348-09c1878520a3] Register server push request handler:com.alibaba.nacos.common.remote.client.RpcClient$ConnectResetRequestHandler
09:17:58:731  INFO 61276 --- [main] com.alibaba.nacos.common.remote.client   : [888e38a5-14db-4596-b348-09c1878520a3] Register server push request handler:com.alibaba.nacos.common.remote.client.RpcClient$$Lambda$473/0x000000080041bc40
09:17:58:731  INFO 61276 --- [com.alibaba.nacos.client.remote.worker] com.alibaba.nacos.common.remote.client   : [888e38a5-14db-4596-b348-09c1878520a3] Notify connected event to listeners.
09:17:58:765  INFO 61276 --- [main] o.s.b.w.embedded.tomcat.TomcatWebServer  : Tomcat started on port(s): 8087 (http) with context path ''
09:17:58:781  INFO 61276 --- [main] c.a.c.n.registry.NacosServiceRegistry    : nacos registry, DEFAULT_GROUP hm-user 192.168.219.1:8087 register finished
09:17:59:187  INFO 61276 --- [main] d.s.w.p.DocumentationPluginsBootstrapper : Documentation plugins bootstrapped
09:17:59:189  INFO 61276 --- [main] d.s.w.p.DocumentationPluginsBootstrapper : Found 1 custom documentation plugin(s)
09:17:59:210  INFO 61276 --- [main] s.d.s.w.s.ApiListingReferenceScanner     : Scanning for api listing references
09:17:59:254  INFO 61276 --- [nacos-grpc-client-executor-8] com.alibaba.nacos.common.remote.client   : [888e38a5-14db-4596-b348-09c1878520a3] Receive server push request, request = NotifySubscriberRequest, requestId = 54
09:17:59:255  INFO 61276 --- [nacos-grpc-client-executor-8] com.alibaba.nacos.common.remote.client   : [888e38a5-14db-4596-b348-09c1878520a3] Ack server push request, request = NotifySubscriberRequest, requestId = 54
09:17:59:295  INFO 61276 --- [main] com.hmall.user.UserApplication           : Started UserApplication in 12.575 seconds (JVM running for 13.981)
09:17:59:299  INFO 61276 --- [main] c.a.c.n.refresh.NacosContextRefresher    : [Nacos Config] Listening config: dataId=hm-user-local.yaml, group=DEFAULT_GROUP
09:17:59:300  INFO 61276 --- [main] c.a.c.n.refresh.NacosContextRefresher    : [Nacos Config] Listening config: dataId=hm-user, group=DEFAULT_GROUP
09:17:59:301  INFO 61276 --- [main] c.a.c.n.refresh.NacosContextRefresher    : [Nacos Config] Listening config: dataId=hm-user.yaml, group=DEFAULT_GROUP
09:31:14:479  INFO 61276 --- [http-nio-8087-exec-1] o.a.c.c.C.[Tomcat].[localhost].[/]       : Initializing Spring DispatcherServlet 'dispatcherServlet'
09:31:14:484  INFO 61276 --- [http-nio-8087-exec-1] o.s.web.servlet.DispatcherServlet        : Initializing Servlet 'dispatcherServlet'
09:31:14:524  INFO 61276 --- [http-nio-8087-exec-1] o.s.web.servlet.DispatcherServlet        : Completed initialization in 39 ms
09:31:15:238 DEBUG 61276 --- [http-nio-8087-exec-1] c.h.user.mapper.UserMapper.selectOne     : ==>  Preparing: SELECT id,username,password,phone,create_time,update_time,status,balance FROM user WHERE (username = ?)
09:31:15:333 DEBUG 61276 --- [http-nio-8087-exec-1] c.h.user.mapper.UserMapper.selectOne     : ==> Parameters: rose(String)
09:31:15:384 DEBUG 61276 --- [http-nio-8087-exec-1] c.h.user.mapper.UserMapper.selectOne     : <==      Total: 1
09:31:16:037 DEBUG 61276 --- [http-nio-8087-exec-2] c.h.u.mapper.AddressMapper.selectList    : ==>  Preparing: SELECT id,user_id,province,city,town,mobile,street,contact,is_default,notes FROM address WHERE (user_id = ?)
09:31:16:039 DEBUG 61276 --- [http-nio-8087-exec-2] c.h.u.mapper.AddressMapper.selectList    : ==> Parameters: 2(Long)
09:31:16:043 DEBUG 61276 --- [http-nio-8087-exec-2] c.h.u.mapper.AddressMapper.selectList    : <==      Total: 0
09:31:37:258 DEBUG 61276 --- [http-nio-8087-exec-3] c.h.u.mapper.AddressMapper.selectList    : ==>  Preparing: SELECT id,user_id,province,city,town,mobile,street,contact,is_default,notes FROM address WHERE (user_id = ?)
09:31:37:259 DEBUG 61276 --- [http-nio-8087-exec-3] c.h.u.mapper.AddressMapper.selectList    : ==> Parameters: 2(Long)
09:31:37:263 DEBUG 61276 --- [http-nio-8087-exec-3] c.h.u.mapper.AddressMapper.selectList    : <==      Total: 0
09:31:44:822  INFO 61276 --- [http-nio-8087-exec-10] c.h.user.service.impl.UserServiceImpl    : 开始扣款
09:31:44:826 DEBUG 61276 --- [http-nio-8087-exec-10] c.h.user.mapper.UserMapper.selectById    : ==>  Preparing: SELECT id,username,password,phone,create_time,update_time,status,balance FROM user WHERE id=?
09:31:44:826 DEBUG 61276 --- [http-nio-8087-exec-10] c.h.user.mapper.UserMapper.selectById    : ==> Parameters: null
09:31:44:829 DEBUG 61276 --- [http-nio-8087-exec-10] c.h.user.mapper.UserMapper.selectById    : <==      Total: 0
09:31:44:856 ERROR 61276 --- [http-nio-8087-exec-10] o.a.c.c.C.[.[.[/].[dispatcherServlet]    : Servlet.service() for servlet [dispatcherServlet] in context with path [] threw exception [Request processing failed; nested exception is com.hmall.common.exception.BizIllegalException: 用户密码错误] with root cause

com.hmall.common.exception.BizIllegalException: 用户密码错误
	at com.hmall.user.service.impl.UserServiceImpl.deductMoney(UserServiceImpl.java:76) ~[classes/:na]
	at com.hmall.user.service.impl.UserServiceImpl$$FastClassBySpringCGLIB$$da72bc39.invoke(<generated>) ~[classes/:na]
	at org.springframework.cglib.proxy.MethodProxy.invoke(MethodProxy.java:218) ~[spring-core-5.3.27.jar:5.3.27]
	at org.springframework.aop.framework.CglibAopProxy$CglibMethodInvocation.invokeJoinpoint(CglibAopProxy.java:793) ~[spring-aop-5.3.27.jar:5.3.27]
	at org.springframework.aop.framework.ReflectiveMethodInvocation.proceed(ReflectiveMethodInvocation.java:163) ~[spring-aop-5.3.27.jar:5.3.27]
	at org.springframework.aop.framework.CglibAopProxy$CglibMethodInvocation.proceed(CglibAopProxy.java:763) ~[spring-aop-5.3.27.jar:5.3.27]
	at org.springframework.transaction.interceptor.TransactionInterceptor$1.proceedWithInvocation(TransactionInterceptor.java:123) ~[spring-tx-5.3.27.jar:5.3.27]
	at org.springframework.transaction.interceptor.TransactionAspectSupport.invokeWithinTransaction(TransactionAspectSupport.java:388) ~[spring-tx-5.3.27.jar:5.3.27]
	at org.springframework.transaction.interceptor.TransactionInterceptor.invoke(TransactionInterceptor.java:119) ~[spring-tx-5.3.27.jar:5.3.27]
	at org.springframework.aop.framework.ReflectiveMethodInvocation.proceed(ReflectiveMethodInvocation.java:186) ~[spring-aop-5.3.27.jar:5.3.27]
	at org.springframework.aop.framework.CglibAopProxy$CglibMethodInvocation.proceed(CglibAopProxy.java:763) ~[spring-aop-5.3.27.jar:5.3.27]
	at org.springframework.aop.framework.CglibAopProxy$DynamicAdvisedInterceptor.intercept(CglibAopProxy.java:708) ~[spring-aop-5.3.27.jar:5.3.27]
	at com.hmall.user.service.impl.UserServiceImpl$$EnhancerBySpringCGLIB$$f45057f5.deductMoney(<generated>) ~[classes/:na]
	at com.hmall.user.controller.UserController.deductMoney(UserController.java:35) ~[classes/:na]
	at java.base/jdk.internal.reflect.NativeMethodAccessorImpl.invoke0(Native Method) ~[na:na]
	at java.base/jdk.internal.reflect.NativeMethodAccessorImpl.invoke(NativeMethodAccessorImpl.java:62) ~[na:na]
	at java.base/jdk.internal.reflect.DelegatingMethodAccessorImpl.invoke(DelegatingMethodAccessorImpl.java:43) ~[na:na]
	at java.base/java.lang.reflect.Method.invoke(Method.java:566) ~[na:na]
	at org.springframework.web.method.support.InvocableHandlerMethod.doInvoke(InvocableHandlerMethod.java:205) ~[spring-web-5.3.27.jar:5.3.27]
	at org.springframework.web.method.support.InvocableHandlerMethod.invokeForRequest(InvocableHandlerMethod.java:150) ~[spring-web-5.3.27.jar:5.3.27]
	at org.springframework.web.servlet.mvc.method.annotation.ServletInvocableHandlerMethod.invokeAndHandle(ServletInvocableHandlerMethod.java:117) ~[spring-webmvc-5.3.27.jar:5.3.27]
	at org.springframework.web.servlet.mvc.method.annotation.RequestMappingHandlerAdapter.invokeHandlerMethod(RequestMappingHandlerAdapter.java:895) ~[spring-webmvc-5.3.27.jar:5.3.27]
	at org.springframework.web.servlet.mvc.method.annotation.RequestMappingHandlerAdapter.handleInternal(RequestMappingHandlerAdapter.java:808) ~[spring-webmvc-5.3.27.jar:5.3.27]
	at org.springframework.web.servlet.mvc.method.AbstractHandlerMethodAdapter.handle(AbstractHandlerMethodAdapter.java:87) ~[spring-webmvc-5.3.27.jar:5.3.27]
	at org.springframework.web.servlet.DispatcherServlet.doDispatch(DispatcherServlet.java:1072) ~[spring-webmvc-5.3.27.jar:5.3.27]
	at org.springframework.web.servlet.DispatcherServlet.doService(DispatcherServlet.java:965) ~[spring-webmvc-5.3.27.jar:5.3.27]
	at org.springframework.web.servlet.FrameworkServlet.processRequest(FrameworkServlet.java:1006) ~[spring-webmvc-5.3.27.jar:5.3.27]
	at org.springframework.web.servlet.FrameworkServlet.doPut(FrameworkServlet.java:920) ~[spring-webmvc-5.3.27.jar:5.3.27]
	at javax.servlet.http.HttpServlet.service(HttpServlet.java:558) ~[tomcat-embed-core-9.0.75.jar:4.0.FR]
	at org.springframework.web.servlet.FrameworkServlet.service(FrameworkServlet.java:883) ~[spring-webmvc-5.3.27.jar:5.3.27]
	at javax.servlet.http.HttpServlet.service(HttpServlet.java:623) ~[tomcat-embed-core-9.0.75.jar:4.0.FR]
	at org.apache.catalina.core.ApplicationFilterChain.internalDoFilter(ApplicationFilterChain.java:209) ~[tomcat-embed-core-9.0.75.jar:9.0.75]
	at org.apache.catalina.core.ApplicationFilterChain.doFilter(ApplicationFilterChain.java:153) ~[tomcat-embed-core-9.0.75.jar:9.0.75]
	at org.apache.tomcat.websocket.server.WsFilter.doFilter(WsFilter.java:51) ~[tomcat-embed-websocket-9.0.75.jar:9.0.75]
	at org.apache.catalina.core.ApplicationFilterChain.internalDoFilter(ApplicationFilterChain.java:178) ~[tomcat-embed-core-9.0.75.jar:9.0.75]
	at org.apache.catalina.core.ApplicationFilterChain.doFilter(ApplicationFilterChain.java:153) ~[tomcat-embed-core-9.0.75.jar:9.0.75]
	at org.springframework.web.filter.RequestContextFilter.doFilterInternal(RequestContextFilter.java:100) ~[spring-web-5.3.27.jar:5.3.27]
	at org.springframework.web.filter.OncePerRequestFilter.doFilter(OncePerRequestFilter.java:117) ~[spring-web-5.3.27.jar:5.3.27]
	at org.apache.catalina.core.ApplicationFilterChain.internalDoFilter(ApplicationFilterChain.java:178) ~[tomcat-embed-core-9.0.75.jar:9.0.75]
	at org.apache.catalina.core.ApplicationFilterChain.doFilter(ApplicationFilterChain.java:153) ~[tomcat-embed-core-9.0.75.jar:9.0.75]
	at org.springframework.web.filter.FormContentFilter.doFilterInternal(FormContentFilter.java:93) ~[spring-web-5.3.27.jar:5.3.27]
	at org.springframework.web.filter.OncePerRequestFilter.doFilter(OncePerRequestFilter.java:117) ~[spring-web-5.3.27.jar:5.3.27]
	at org.apache.catalina.core.ApplicationFilterChain.internalDoFilter(ApplicationFilterChain.java:178) ~[tomcat-embed-core-9.0.75.jar:9.0.75]
	at org.apache.catalina.core.ApplicationFilterChain.doFilter(ApplicationFilterChain.java:153) ~[tomcat-embed-core-9.0.75.jar:9.0.75]
	at org.springframework.web.filter.CharacterEncodingFilter.doFilterInternal(CharacterEncodingFilter.java:201) ~[spring-web-5.3.27.jar:5.3.27]
	at org.springframework.web.filter.OncePerRequestFilter.doFilter(OncePerRequestFilter.java:117) ~[spring-web-5.3.27.jar:5.3.27]
	at org.apache.catalina.core.ApplicationFilterChain.internalDoFilter(ApplicationFilterChain.java:178) ~[tomcat-embed-core-9.0.75.jar:9.0.75]
	at org.apache.catalina.core.ApplicationFilterChain.doFilter(ApplicationFilterChain.java:153) ~[tomcat-embed-core-9.0.75.jar:9.0.75]
	at org.apache.catalina.core.StandardWrapperValve.invoke(StandardWrapperValve.java:167) ~[tomcat-embed-core-9.0.75.jar:9.0.75]
	at org.apache.catalina.core.StandardContextValve.invoke(StandardContextValve.java:90) ~[tomcat-embed-core-9.0.75.jar:9.0.75]
	at org.apache.catalina.authenticator.AuthenticatorBase.invoke(AuthenticatorBase.java:481) ~[tomcat-embed-core-9.0.75.jar:9.0.75]
	at org.apache.catalina.core.StandardHostValve.invoke(StandardHostValve.java:130) ~[tomcat-embed-core-9.0.75.jar:9.0.75]
	at org.apache.catalina.valves.ErrorReportValve.invoke(ErrorReportValve.java:93) ~[tomcat-embed-core-9.0.75.jar:9.0.75]
	at org.apache.catalina.core.StandardEngineValve.invoke(StandardEngineValve.java:74) ~[tomcat-embed-core-9.0.75.jar:9.0.75]
	at org.apache.catalina.connector.CoyoteAdapter.service(CoyoteAdapter.java:343) ~[tomcat-embed-core-9.0.75.jar:9.0.75]
	at org.apache.coyote.http11.Http11Processor.service(Http11Processor.java:390) ~[tomcat-embed-core-9.0.75.jar:9.0.75]
	at org.apache.coyote.AbstractProcessorLight.process(AbstractProcessorLight.java:63) ~[tomcat-embed-core-9.0.75.jar:9.0.75]
	at org.apache.coyote.AbstractProtocol$ConnectionHandler.process(AbstractProtocol.java:926) ~[tomcat-embed-core-9.0.75.jar:9.0.75]
	at org.apache.tomcat.util.net.NioEndpoint$SocketProcessor.doRun(NioEndpoint.java:1791) ~[tomcat-embed-core-9.0.75.jar:9.0.75]
	at org.apache.tomcat.util.net.SocketProcessorBase.run(SocketProcessorBase.java:52) ~[tomcat-embed-core-9.0.75.jar:9.0.75]
	at org.apache.tomcat.util.threads.ThreadPoolExecutor.runWorker(ThreadPoolExecutor.java:1191) ~[tomcat-embed-core-9.0.75.jar:9.0.75]
	at org.apache.tomcat.util.threads.ThreadPoolExecutor$Worker.run(ThreadPoolExecutor.java:659) ~[tomcat-embed-core-9.0.75.jar:9.0.75]
	at org.apache.tomcat.util.threads.TaskThread$WrappingRunnable.run(TaskThread.java:61) ~[tomcat-embed-core-9.0.75.jar:9.0.75]
	at java.base/java.lang.Thread.run(Thread.java:834) ~[na:na]

09:43:58:298 DEBUG 61276 --- [http-nio-8087-exec-6] c.h.u.mapper.AddressMapper.selectList    : ==>  Preparing: SELECT id,user_id,province,city,town,mobile,street,contact,is_default,notes FROM address WHERE (user_id = ?)
09:43:58:321 DEBUG 61276 --- [http-nio-8087-exec-6] c.h.u.mapper.AddressMapper.selectList    : ==> Parameters: 2(Long)
09:43:58:339 DEBUG 61276 --- [http-nio-8087-exec-6] c.h.u.mapper.AddressMapper.selectList    : <==      Total: 0
09:47:12:993 DEBUG 61276 --- [http-nio-8087-exec-8] c.h.user.mapper.UserMapper.selectOne     : ==>  Preparing: SELECT id,username,password,phone,create_time,update_time,status,balance FROM user WHERE (username = ?)
09:47:12:998 DEBUG 61276 --- [http-nio-8087-exec-8] c.h.user.mapper.UserMapper.selectOne     : ==> Parameters: rose(String)
09:47:13:022 DEBUG 61276 --- [http-nio-8087-exec-8] c.h.user.mapper.UserMapper.selectOne     : <==      Total: 1
09:47:13:307 DEBUG 61276 --- [http-nio-8087-exec-9] c.h.u.mapper.AddressMapper.selectList    : ==>  Preparing: SELECT id,user_id,province,city,town,mobile,street,contact,is_default,notes FROM address WHERE (user_id = ?)
09:47:13:308 DEBUG 61276 --- [http-nio-8087-exec-9] c.h.u.mapper.AddressMapper.selectList    : ==> Parameters: 2(Long)
09:47:13:316 DEBUG 61276 --- [http-nio-8087-exec-9] c.h.u.mapper.AddressMapper.selectList    : <==      Total: 0
09:49:29:837 DEBUG 61276 --- [http-nio-8087-exec-1] c.h.u.mapper.AddressMapper.selectList    : ==>  Preparing: SELECT id,user_id,province,city,town,mobile,street,contact,is_default,notes FROM address WHERE (user_id = ?)
09:49:29:840 DEBUG 61276 --- [http-nio-8087-exec-1] c.h.u.mapper.AddressMapper.selectList    : ==> Parameters: 2(Long)
09:49:29:848 DEBUG 61276 --- [http-nio-8087-exec-1] c.h.u.mapper.AddressMapper.selectList    : <==      Total: 0
11:37:08:045 DEBUG 61276 --- [http-nio-8087-exec-3] c.h.user.mapper.UserMapper.selectOne     : ==>  Preparing: SELECT id,username,password,phone,create_time,update_time,status,balance FROM user WHERE (username = ?)
11:37:08:093 DEBUG 61276 --- [http-nio-8087-exec-3] c.h.user.mapper.UserMapper.selectOne     : ==> Parameters: rose(String)
11:37:08:139 DEBUG 61276 --- [http-nio-8087-exec-3] c.h.user.mapper.UserMapper.selectOne     : <==      Total: 1
11:37:10:492 DEBUG 61276 --- [http-nio-8087-exec-10] c.h.u.mapper.AddressMapper.selectList    : ==>  Preparing: SELECT id,user_id,province,city,town,mobile,street,contact,is_default,notes FROM address WHERE (user_id = ?)
11:37:10:494 DEBUG 61276 --- [http-nio-8087-exec-10] c.h.u.mapper.AddressMapper.selectList    : ==> Parameters: 2(Long)
11:37:10:511 DEBUG 61276 --- [http-nio-8087-exec-10] c.h.u.mapper.AddressMapper.selectList    : <==      Total: 0
11:38:51:489 DEBUG 61276 --- [http-nio-8087-exec-6] c.h.u.mapper.AddressMapper.selectList    : ==>  Preparing: SELECT id,user_id,province,city,town,mobile,street,contact,is_default,notes FROM address WHERE (user_id = ?)
11:38:51:489 DEBUG 61276 --- [http-nio-8087-exec-6] c.h.u.mapper.AddressMapper.selectList    : ==> Parameters: 2(Long)
11:38:51:491 DEBUG 61276 --- [http-nio-8087-exec-6] c.h.u.mapper.AddressMapper.selectList    : <==      Total: 0
11:44:55:776 DEBUG 61276 --- [http-nio-8087-exec-8] c.h.user.mapper.UserMapper.selectOne     : ==>  Preparing: SELECT id,username,password,phone,create_time,update_time,status,balance FROM user WHERE (username = ?)
11:44:55:782 DEBUG 61276 --- [http-nio-8087-exec-8] c.h.user.mapper.UserMapper.selectOne     : ==> Parameters: rose(String)
11:44:55:819 DEBUG 61276 --- [http-nio-8087-exec-8] c.h.user.mapper.UserMapper.selectOne     : <==      Total: 1
11:44:56:074 DEBUG 61276 --- [http-nio-8087-exec-9] c.h.u.mapper.AddressMapper.selectList    : ==>  Preparing: SELECT id,user_id,province,city,town,mobile,street,contact,is_default,notes FROM address WHERE (user_id = ?)
11:44:56:074 DEBUG 61276 --- [http-nio-8087-exec-9] c.h.u.mapper.AddressMapper.selectList    : ==> Parameters: 2(Long)
11:44:56:082 DEBUG 61276 --- [http-nio-8087-exec-9] c.h.u.mapper.AddressMapper.selectList    : <==      Total: 0
11:45:03:451  INFO 61276 --- [http-nio-8087-exec-4] c.h.user.service.impl.UserServiceImpl    : 开始扣款
11:45:03:455 DEBUG 61276 --- [http-nio-8087-exec-4] c.h.user.mapper.UserMapper.selectById    : ==>  Preparing: SELECT id,username,password,phone,create_time,update_time,status,balance FROM user WHERE id=?
11:45:03:459 DEBUG 61276 --- [http-nio-8087-exec-4] c.h.user.mapper.UserMapper.selectById    : ==> Parameters: 2(Long)
11:45:03:463 DEBUG 61276 --- [http-nio-8087-exec-4] c.h.user.mapper.UserMapper.selectById    : <==      Total: 1
11:45:03:588 DEBUG 61276 --- [http-nio-8087-exec-4] c.h.user.mapper.UserMapper.updateMoney   : ==>  Preparing: update user set balance = balance - 35400 where id = ?
11:45:03:588 DEBUG 61276 --- [http-nio-8087-exec-4] c.h.user.mapper.UserMapper.updateMoney   : ==> Parameters: 2(Long)
11:45:03:594 DEBUG 61276 --- [http-nio-8087-exec-4] c.h.user.mapper.UserMapper.updateMoney   : <==    Updates: 1
11:45:03:594  INFO 61276 --- [http-nio-8087-exec-4] c.h.user.service.impl.UserServiceImpl    : 扣款成功
12:37:52:584  INFO 61276 --- [rpcDispatch_RMROLE_1_1_32] i.s.c.r.p.client.RmUndoLogProcessor      : rm handle undo log process:UndoLogDeleteRequest{resourceId='jdbc:mysql://172.25.138.243:3307/hm-user', saveDays=7, branchType=AT}
12:37:52:591  WARN 61276 --- [rpcDispatch_RMROLE_1_1_32] io.seata.rm.RMHandlerAT                  : Failed to get dataSourceProxy for delete undolog on jdbc:mysql://172.25.138.243:3307/hm-user
21:45:20:296  INFO 39740 --- [main] com.hmall.user.UserApplication           : The following 1 profile is active: "local"
21:45:21:113  INFO 39740 --- [main] .s.d.r.c.RepositoryConfigurationDelegate : Multiple Spring Data modules found, entering strict repository configuration mode
21:45:21:123  INFO 39740 --- [main] .s.d.r.c.RepositoryConfigurationDelegate : Bootstrapping Spring Data Redis repositories in DEFAULT mode.
21:45:21:150  INFO 39740 --- [main] .s.d.r.c.RepositoryConfigurationDelegate : Finished Spring Data repository scanning in 12 ms. Found 0 Redis repository interfaces.
21:45:21:416  INFO 39740 --- [main] o.s.cloud.context.scope.GenericScope     : BeanFactory id=e11923fa-7b07-35a9-b8fe-ee0af897a08c
21:45:21:479  INFO 39740 --- [main] trationDelegate$BeanPostProcessorChecker : Bean 'io.seata.spring.boot.autoconfigure.SeataCoreAutoConfiguration' of type [io.seata.spring.boot.autoconfigure.SeataCoreAutoConfiguration] is not eligible for getting processed by all BeanPostProcessors (for example: not eligible for auto-proxying)
21:45:21:479  INFO 39740 --- [main] trationDelegate$BeanPostProcessorChecker : Bean 'springApplicationContextProvider' of type [io.seata.spring.boot.autoconfigure.provider.SpringApplicationContextProvider] is not eligible for getting processed by all BeanPostProcessors (for example: not eligible for auto-proxying)
21:45:21:479  INFO 39740 --- [main] trationDelegate$BeanPostProcessorChecker : Bean 'io.seata.spring.boot.autoconfigure.SeataAutoConfiguration' of type [io.seata.spring.boot.autoconfigure.SeataAutoConfiguration] is not eligible for getting processed by all BeanPostProcessors (for example: not eligible for auto-proxying)
21:45:21:514  INFO 39740 --- [main] trationDelegate$BeanPostProcessorChecker : Bean 'failureHandler' of type [io.seata.tm.api.DefaultFailureHandlerImpl] is not eligible for getting processed by all BeanPostProcessors (for example: not eligible for auto-proxying)
21:45:21:517  INFO 39740 --- [main] trationDelegate$BeanPostProcessorChecker : Bean 'org.springframework.cloud.commons.config.CommonsConfigAutoConfiguration' of type [org.springframework.cloud.commons.config.CommonsConfigAutoConfiguration] is not eligible for getting processed by all BeanPostProcessors (for example: not eligible for auto-proxying)
21:45:21:518  INFO 39740 --- [main] trationDelegate$BeanPostProcessorChecker : Bean 'org.springframework.cloud.client.loadbalancer.LoadBalancerDefaultMappingsProviderAutoConfiguration' of type [org.springframework.cloud.client.loadbalancer.LoadBalancerDefaultMappingsProviderAutoConfiguration] is not eligible for getting processed by all BeanPostProcessors (for example: not eligible for auto-proxying)
21:45:21:518  INFO 39740 --- [main] trationDelegate$BeanPostProcessorChecker : Bean 'loadBalancerClientsDefaultsMappingsProvider' of type [org.springframework.cloud.client.loadbalancer.LoadBalancerDefaultMappingsProviderAutoConfiguration$$Lambda$593/0x0000000800685040] is not eligible for getting processed by all BeanPostProcessors (for example: not eligible for auto-proxying)
21:45:21:519  INFO 39740 --- [main] trationDelegate$BeanPostProcessorChecker : Bean 'defaultsBindHandlerAdvisor' of type [org.springframework.cloud.commons.config.DefaultsBindHandlerAdvisor] is not eligible for getting processed by all BeanPostProcessors (for example: not eligible for auto-proxying)
21:45:21:523  INFO 39740 --- [main] trationDelegate$BeanPostProcessorChecker : Bean 'springCloudAlibabaConfiguration' of type [io.seata.spring.boot.autoconfigure.properties.SpringCloudAlibabaConfiguration] is not eligible for getting processed by all BeanPostProcessors (for example: not eligible for auto-proxying)
21:45:21:525  INFO 39740 --- [main] trationDelegate$BeanPostProcessorChecker : Bean 'seataProperties' of type [io.seata.spring.boot.autoconfigure.properties.SeataProperties] is not eligible for getting processed by all BeanPostProcessors (for example: not eligible for auto-proxying)
21:45:21:527  INFO 39740 --- [main] i.s.s.b.a.SeataAutoConfiguration         : Automatically configure Seata
21:45:21:596  INFO 39740 --- [main] io.seata.config.ConfigurationFactory     : load Configuration from :Spring Configuration
21:45:21:602  INFO 39740 --- [main] io.seata.config.ConfigurationFactory     : load Configuration from :Spring Configuration
21:45:21:665  INFO 39740 --- [main] i.s.s.a.GlobalTransactionScanner         : Initializing Global Transaction Clients ... 
21:45:21:729  INFO 39740 --- [main] i.s.core.rpc.netty.NettyClientBootstrap  : NettyClientBootstrap has started
21:45:21:890  INFO 39740 --- [main] com.alibaba.nacos.common.remote.client   : [RpcClientFactory] create a new rpc client of 03ae766c-a057-490e-b40b-0a22d1732087
21:45:21:890  INFO 39740 --- [main] com.alibaba.nacos.common.remote.client   : [03ae766c-a057-490e-b40b-0a22d1732087] RpcClient init label, labels = {module=naming, source=sdk}
21:45:21:892  INFO 39740 --- [main] com.alibaba.nacos.common.remote.client   : [03ae766c-a057-490e-b40b-0a22d1732087] RpcClient init, ServerListFactory = com.alibaba.nacos.client.naming.core.ServerListManager
21:45:21:892  INFO 39740 --- [main] com.alibaba.nacos.common.remote.client   : [03ae766c-a057-490e-b40b-0a22d1732087] Registry connection listener to current client:com.alibaba.nacos.client.naming.remote.gprc.redo.NamingGrpcRedoService
21:45:21:893  INFO 39740 --- [main] com.alibaba.nacos.common.remote.client   : [03ae766c-a057-490e-b40b-0a22d1732087] Register server push request handler:com.alibaba.nacos.client.naming.remote.gprc.NamingPushRequestHandler
21:45:21:893  INFO 39740 --- [main] com.alibaba.nacos.common.remote.client   : [03ae766c-a057-490e-b40b-0a22d1732087] Try to connect to server on start up, server: {serverIp = '172.25.138.243', server main port = 8848}
21:45:22:038  INFO 39740 --- [main] com.alibaba.nacos.common.remote.client   : [03ae766c-a057-490e-b40b-0a22d1732087] Success to connect to server [172.25.138.243:8848] on start up, connectionId = 1779889522306_172.17.0.1_52350
21:45:22:038  INFO 39740 --- [main] com.alibaba.nacos.common.remote.client   : [03ae766c-a057-490e-b40b-0a22d1732087] Register server push request handler:com.alibaba.nacos.common.remote.client.RpcClient$ConnectResetRequestHandler
21:45:22:038  INFO 39740 --- [main] com.alibaba.nacos.common.remote.client   : [03ae766c-a057-490e-b40b-0a22d1732087] Register server push request handler:com.alibaba.nacos.common.remote.client.RpcClient$$Lambda$474/0x000000080041b040
21:45:22:038  INFO 39740 --- [com.alibaba.nacos.client.remote.worker] com.alibaba.nacos.common.remote.client   : [03ae766c-a057-490e-b40b-0a22d1732087] Notify connected event to listeners.
21:45:22:084  INFO 39740 --- [main] i.s.c.r.netty.NettyClientChannelManager  : will connect to 172.25.138.243:8099
21:45:22:513  INFO 39740 --- [main] i.s.core.rpc.netty.NettyPoolableFactory  : NettyPool create channel to transactionRole:TMROLE,address:172.25.138.243:8099,msg:< RegisterTMRequest{applicationId='hm-user', transactionServiceGroup='hmall'} >
21:45:22:584  INFO 39740 --- [nacos-grpc-client-executor-7] com.alibaba.nacos.common.remote.client   : [03ae766c-a057-490e-b40b-0a22d1732087] Receive server push request, request = NotifySubscriberRequest, requestId = 121
21:45:22:586  INFO 39740 --- [nacos-grpc-client-executor-7] com.alibaba.nacos.common.remote.client   : [03ae766c-a057-490e-b40b-0a22d1732087] Ack server push request, request = NotifySubscriberRequest, requestId = 121
21:45:23:019  INFO 39740 --- [main] i.s.c.rpc.netty.TmNettyRemotingClient    : register TM success. client version:1.5.2, server version:1.5.2,channel:[id: 0xb6b9c6c7, L:/172.25.128.1:58526 - R:/172.25.138.243:8099]
21:45:23:022  INFO 39740 --- [main] i.s.core.rpc.netty.NettyPoolableFactory  : register success, cost 43 ms, version:1.5.2,role:TMROLE,channel:[id: 0xb6b9c6c7, L:/172.25.128.1:58526 - R:/172.25.138.243:8099]
21:45:23:027  INFO 39740 --- [main] i.s.s.a.GlobalTransactionScanner         : Transaction Manager Client is initialized. applicationId[hm-user] txServiceGroup[hmall]
21:45:23:039  INFO 39740 --- [main] io.seata.rm.datasource.AsyncWorker       : Async Commit Buffer Limit: 10000
21:45:23:039  INFO 39740 --- [main] i.s.rm.datasource.xa.ResourceManagerXA   : ResourceManagerXA init ...
21:45:23:049  INFO 39740 --- [main] i.s.core.rpc.netty.NettyClientBootstrap  : NettyClientBootstrap has started
21:45:23:049  INFO 39740 --- [main] i.s.s.a.GlobalTransactionScanner         : Resource Manager is initialized. applicationId[hm-user] txServiceGroup[hmall]
21:45:23:049  INFO 39740 --- [main] i.s.s.a.GlobalTransactionScanner         : Global Transaction Clients are initialized. 
21:45:23:051  INFO 39740 --- [main] trationDelegate$BeanPostProcessorChecker : Bean 'io.seata.spring.boot.autoconfigure.SeataDataSourceAutoConfiguration' of type [io.seata.spring.boot.autoconfigure.SeataDataSourceAutoConfiguration] is not eligible for getting processed by all BeanPostProcessors (for example: not eligible for auto-proxying)
21:45:23:208  INFO 39740 --- [main] trationDelegate$BeanPostProcessorChecker : Bean 'com.alibaba.cloud.seata.feign.SeataFeignClientAutoConfiguration$FeignBeanPostProcessorConfiguration' of type [com.alibaba.cloud.seata.feign.SeataFeignClientAutoConfiguration$FeignBeanPostProcessorConfiguration] is not eligible for getting processed by all BeanPostProcessors (for example: not eligible for auto-proxying)
21:45:23:210  INFO 39740 --- [main] trationDelegate$BeanPostProcessorChecker : Bean 'seataFeignObjectWrapper' of type [com.alibaba.cloud.seata.feign.SeataFeignObjectWrapper] is not eligible for getting processed by all BeanPostProcessors (for example: not eligible for auto-proxying)
21:45:23:520  INFO 39740 --- [main] o.s.b.w.embedded.tomcat.TomcatWebServer  : Tomcat initialized with port(s): 8087 (http)
21:45:23:530  INFO 39740 --- [main] o.apache.catalina.core.StandardService   : Starting service [Tomcat]
21:45:23:530  INFO 39740 --- [main] org.apache.catalina.core.StandardEngine  : Starting Servlet engine: [Apache Tomcat/9.0.75]
21:45:23:787  INFO 39740 --- [main] o.a.c.c.C.[Tomcat].[localhost].[/]       : Initializing Spring embedded WebApplicationContext
21:45:23:787  INFO 39740 --- [main] w.s.c.ServletWebServerApplicationContext : Root WebApplicationContext: initialization completed in 3475 ms
21:45:24:023  INFO 39740 --- [main] com.zaxxer.hikari.HikariDataSource       : HikariPool-1 - Starting...
21:45:24:278  INFO 39740 --- [main] com.zaxxer.hikari.HikariDataSource       : HikariPool-1 - Start completed.
21:45:24:296  INFO 39740 --- [main] i.s.c.r.netty.NettyClientChannelManager  : will connect to 172.25.138.243:8099
21:45:24:296  INFO 39740 --- [main] i.s.c.rpc.netty.RmNettyRemotingClient    : RM will register :jdbc:mysql://172.25.138.243:3307/hm-user
21:45:24:297  INFO 39740 --- [main] i.s.core.rpc.netty.NettyPoolableFactory  : NettyPool create channel to transactionRole:RMROLE,address:172.25.138.243:8099,msg:< RegisterRMRequest{resourceIds='jdbc:mysql://172.25.138.243:3307/hm-user', applicationId='hm-user', transactionServiceGroup='hmall'} >
21:45:24:321  INFO 39740 --- [main] i.s.c.rpc.netty.RmNettyRemotingClient    : register RM success. client version:1.5.2, server version:1.5.2,channel:[id: 0x8e47a896, L:/172.25.128.1:58532 - R:/172.25.138.243:8099]
21:45:24:321  INFO 39740 --- [main] i.s.core.rpc.netty.NettyPoolableFactory  : register success, cost 21 ms, version:1.5.2,role:RMROLE,channel:[id: 0x8e47a896, L:/172.25.128.1:58532 - R:/172.25.138.243:8099]
21:45:26:170  INFO 39740 --- [main] c.a.c.sentinel.SentinelWebMvcConfigurer  : [Sentinel Starter] register SentinelWebInterceptor with urlPatterns: [/**].
21:45:27:240  INFO 39740 --- [main] pertySourcedRequestMappingHandlerMapping : Mapped URL path [/v2/api-docs] onto method [springfox.documentation.swagger2.web.Swagger2ControllerWebMvc#getDocumentation(String, HttpServletRequest)]
21:45:28:389  INFO 39740 --- [main] com.alibaba.nacos.common.remote.client   : [RpcClientFactory] create a new rpc client of 26742c71-a6aa-4c43-8646-bea1c3b93418
21:45:28:390  INFO 39740 --- [main] com.alibaba.nacos.common.remote.client   : [26742c71-a6aa-4c43-8646-bea1c3b93418] RpcClient init label, labels = {module=naming, source=sdk}
21:45:28:390  INFO 39740 --- [main] com.alibaba.nacos.common.remote.client   : [26742c71-a6aa-4c43-8646-bea1c3b93418] RpcClient init, ServerListFactory = com.alibaba.nacos.client.naming.core.ServerListManager
21:45:28:390  INFO 39740 --- [main] com.alibaba.nacos.common.remote.client   : [26742c71-a6aa-4c43-8646-bea1c3b93418] Registry connection listener to current client:com.alibaba.nacos.client.naming.remote.gprc.redo.NamingGrpcRedoService
21:45:28:390  INFO 39740 --- [main] com.alibaba.nacos.common.remote.client   : [26742c71-a6aa-4c43-8646-bea1c3b93418] Register server push request handler:com.alibaba.nacos.client.naming.remote.gprc.NamingPushRequestHandler
21:45:28:391  INFO 39740 --- [main] com.alibaba.nacos.common.remote.client   : [26742c71-a6aa-4c43-8646-bea1c3b93418] Try to connect to server on start up, server: {serverIp = '172.25.138.243', server main port = 8848}
21:45:28:528  INFO 39740 --- [main] com.alibaba.nacos.common.remote.client   : [26742c71-a6aa-4c43-8646-bea1c3b93418] Success to connect to server [172.25.138.243:8848] on start up, connectionId = 1779889529334_172.17.0.1_52364
21:45:28:528  INFO 39740 --- [main] com.alibaba.nacos.common.remote.client   : [26742c71-a6aa-4c43-8646-bea1c3b93418] Register server push request handler:com.alibaba.nacos.common.remote.client.RpcClient$ConnectResetRequestHandler
21:45:28:528  INFO 39740 --- [main] com.alibaba.nacos.common.remote.client   : [26742c71-a6aa-4c43-8646-bea1c3b93418] Register server push request handler:com.alibaba.nacos.common.remote.client.RpcClient$$Lambda$474/0x000000080041b040
21:45:28:528  INFO 39740 --- [com.alibaba.nacos.client.remote.worker] com.alibaba.nacos.common.remote.client   : [26742c71-a6aa-4c43-8646-bea1c3b93418] Notify connected event to listeners.
21:45:28:546  INFO 39740 --- [main] o.s.b.w.embedded.tomcat.TomcatWebServer  : Tomcat started on port(s): 8087 (http) with context path ''
21:45:28:555  INFO 39740 --- [main] c.a.c.n.registry.NacosServiceRegistry    : nacos registry, DEFAULT_GROUP hm-user 192.168.219.1:8087 register finished
21:45:29:004  INFO 39740 --- [nacos-grpc-client-executor-7] com.alibaba.nacos.common.remote.client   : [26742c71-a6aa-4c43-8646-bea1c3b93418] Receive server push request, request = NotifySubscriberRequest, requestId = 122
21:45:29:005  INFO 39740 --- [nacos-grpc-client-executor-7] com.alibaba.nacos.common.remote.client   : [26742c71-a6aa-4c43-8646-bea1c3b93418] Ack server push request, request = NotifySubscriberRequest, requestId = 122
21:45:29:008  INFO 39740 --- [main] d.s.w.p.DocumentationPluginsBootstrapper : Documentation plugins bootstrapped
21:45:29:012  INFO 39740 --- [main] d.s.w.p.DocumentationPluginsBootstrapper : Found 1 custom documentation plugin(s)
21:45:29:041  INFO 39740 --- [main] s.d.s.w.s.ApiListingReferenceScanner     : Scanning for api listing references
21:45:29:142  INFO 39740 --- [main] com.hmall.user.UserApplication           : Started UserApplication in 12.741 seconds (JVM running for 13.907)
21:45:29:149  INFO 39740 --- [main] c.a.c.n.refresh.NacosContextRefresher    : [Nacos Config] Listening config: dataId=hm-user-local.yaml, group=DEFAULT_GROUP
21:45:29:149  INFO 39740 --- [main] c.a.c.n.refresh.NacosContextRefresher    : [Nacos Config] Listening config: dataId=hm-user, group=DEFAULT_GROUP
21:45:29:150  INFO 39740 --- [main] c.a.c.n.refresh.NacosContextRefresher    : [Nacos Config] Listening config: dataId=hm-user.yaml, group=DEFAULT_GROUP
21:52:29:615  INFO 39740 --- [http-nio-8087-exec-2] o.a.c.c.C.[Tomcat].[localhost].[/]       : Initializing Spring DispatcherServlet 'dispatcherServlet'
21:52:29:622  INFO 39740 --- [http-nio-8087-exec-2] o.s.web.servlet.DispatcherServlet        : Initializing Servlet 'dispatcherServlet'
21:52:29:664  INFO 39740 --- [http-nio-8087-exec-2] o.s.web.servlet.DispatcherServlet        : Completed initialization in 42 ms
21:52:30:783 DEBUG 39740 --- [http-nio-8087-exec-2] c.h.user.mapper.UserMapper.selectOne     : ==>  Preparing: SELECT id,username,password,phone,create_time,update_time,status,balance FROM user WHERE (username = ?)
21:52:30:826 DEBUG 39740 --- [http-nio-8087-exec-2] c.h.user.mapper.UserMapper.selectOne     : ==> Parameters: rose(String)
21:52:30:933 DEBUG 39740 --- [http-nio-8087-exec-2] c.h.user.mapper.UserMapper.selectOne     : <==      Total: 1
21:52:45:586 DEBUG 39740 --- [http-nio-8087-exec-5] c.h.u.mapper.AddressMapper.selectList    : ==>  Preparing: SELECT id,user_id,province,city,town,mobile,street,contact,is_default,notes FROM address WHERE (user_id = ?)
21:52:45:587 DEBUG 39740 --- [http-nio-8087-exec-5] c.h.u.mapper.AddressMapper.selectList    : ==> Parameters: 2(Long)
21:52:45:594 DEBUG 39740 --- [http-nio-8087-exec-5] c.h.u.mapper.AddressMapper.selectList    : <==      Total: 0
21:52:54:150  INFO 39740 --- [http-nio-8087-exec-3] c.h.user.service.impl.UserServiceImpl    : 开始扣款
21:52:54:155 DEBUG 39740 --- [http-nio-8087-exec-3] c.h.user.mapper.UserMapper.selectById    : ==>  Preparing: SELECT id,username,password,phone,create_time,update_time,status,balance FROM user WHERE id=?
21:52:54:155 DEBUG 39740 --- [http-nio-8087-exec-3] c.h.user.mapper.UserMapper.selectById    : ==> Parameters: 2(Long)
21:52:54:158 DEBUG 39740 --- [http-nio-8087-exec-3] c.h.user.mapper.UserMapper.selectById    : <==      Total: 1
21:52:54:241 DEBUG 39740 --- [http-nio-8087-exec-3] c.h.user.mapper.UserMapper.updateMoney   : ==>  Preparing: update user set balance = balance - 393800 where id = ?
21:52:54:241 DEBUG 39740 --- [http-nio-8087-exec-3] c.h.user.mapper.UserMapper.updateMoney   : ==> Parameters: 2(Long)
21:52:54:246 DEBUG 39740 --- [http-nio-8087-exec-3] c.h.user.mapper.UserMapper.updateMoney   : <==    Updates: 1
21:52:54:248  INFO 39740 --- [http-nio-8087-exec-3] c.h.user.service.impl.UserServiceImpl    : 扣款成功
