09:17:40:113  INFO 52628 --- [main] com.hmall.gateway.GatewayApplication     : No active profile set, falling back to 1 default profile: "default"
09:17:40:749  INFO 52628 --- [main] o.s.cloud.context.scope.GenericScope     : BeanFactory id=ab7eba3b-bca4-35ba-8e37-4bef2229baa0
09:17:40:808  INFO 52628 --- [main] trationDelegate$BeanPostProcessorChecker : Bean 'org.springframework.cloud.client.loadbalancer.reactive.LoadBalancerBeanPostProcessorAutoConfiguration' of type [org.springframework.cloud.client.loadbalancer.reactive.LoadBalancerBeanPostProcessorAutoConfiguration] is not eligible for getting processed by all BeanPostProcessors (for example: not eligible for auto-proxying)
09:17:40:809  INFO 52628 --- [main] trationDelegate$BeanPostProcessorChecker : Bean 'org.springframework.cloud.client.loadbalancer.reactive.LoadBalancerBeanPostProcessorAutoConfiguration$ReactorDeferringLoadBalancerFilterConfig' of type [org.springframework.cloud.client.loadbalancer.reactive.LoadBalancerBeanPostProcessorAutoConfiguration$ReactorDeferringLoadBalancerFilterConfig] is not eligible for getting processed by all BeanPostProcessors (for example: not eligible for auto-proxying)
09:17:40:811  INFO 52628 --- [main] trationDelegate$BeanPostProcessorChecker : Bean 'reactorDeferringLoadBalancerExchangeFilterFunction' of type [org.springframework.cloud.client.loadbalancer.reactive.DeferringLoadBalancerExchangeFilterFunction] is not eligible for getting processed by all BeanPostProcessors (for example: not eligible for auto-proxying)
09:17:41:391  INFO 52628 --- [main] c.h.gateway.route.DynamicRouteLoader     : 更新路由配置：[
    {
        "id": "item",
        "predicates": [{
            "name": "Path",
            "args": {"_genkey_0":"/items/**", "_genkey_1":"/search/**"}
        }],
        "filters": [],
        "uri": "lb://item-service"
    },
    {
        "id": "cart",
        "predicates": [{
            "name": "Path",
            "args": {"_genkey_0":"/carts/**"}
        }],
        "filters": [],
        "uri": "lb://cart-service"
    },
    {
        "id": "user",
        "predicates": [{
            "name": "Path",
            "args": {"_genkey_0":"/users/**", "_genkey_1":"/addresses/**"}
        }],
        "filters": [],
        "uri": "lb://hm-user"
    },
    {
        "id": "trade",
        "predicates": [{
            "name": "Path",
            "args": {"_genkey_0":"/orders/**"}
        }],
        "filters": [],
        "uri": "lb://trade-service"
    },
    {
        "id": "pay",
        "predicates": [{
            "name": "Path",
            "args": {"_genkey_0":"/pay-orders/**"}
        }],
        "filters": [],
        "uri": "lb://hm-pay"
    }
]
09:17:43:104  INFO 52628 --- [main] o.s.c.g.r.RouteDefinitionRouteLocator    : Loaded RoutePredicateFactory [After]
09:17:43:104  INFO 52628 --- [main] o.s.c.g.r.RouteDefinitionRouteLocator    : Loaded RoutePredicateFactory [Before]
09:17:43:105  INFO 52628 --- [main] o.s.c.g.r.RouteDefinitionRouteLocator    : Loaded RoutePredicateFactory [Between]
09:17:43:105  INFO 52628 --- [main] o.s.c.g.r.RouteDefinitionRouteLocator    : Loaded RoutePredicateFactory [Cookie]
09:17:43:105  INFO 52628 --- [main] o.s.c.g.r.RouteDefinitionRouteLocator    : Loaded RoutePredicateFactory [Header]
09:17:43:105  INFO 52628 --- [main] o.s.c.g.r.RouteDefinitionRouteLocator    : Loaded RoutePredicateFactory [Host]
09:17:43:105  INFO 52628 --- [main] o.s.c.g.r.RouteDefinitionRouteLocator    : Loaded RoutePredicateFactory [Method]
09:17:43:105  INFO 52628 --- [main] o.s.c.g.r.RouteDefinitionRouteLocator    : Loaded RoutePredicateFactory [Path]
09:17:43:105  INFO 52628 --- [main] o.s.c.g.r.RouteDefinitionRouteLocator    : Loaded RoutePredicateFactory [Query]
09:17:43:105  INFO 52628 --- [main] o.s.c.g.r.RouteDefinitionRouteLocator    : Loaded RoutePredicateFactory [ReadBody]
09:17:43:106  INFO 52628 --- [main] o.s.c.g.r.RouteDefinitionRouteLocator    : Loaded RoutePredicateFactory [RemoteAddr]
09:17:43:106  INFO 52628 --- [main] o.s.c.g.r.RouteDefinitionRouteLocator    : Loaded RoutePredicateFactory [XForwardedRemoteAddr]
09:17:43:106  INFO 52628 --- [main] o.s.c.g.r.RouteDefinitionRouteLocator    : Loaded RoutePredicateFactory [Weight]
09:17:43:106  INFO 52628 --- [main] o.s.c.g.r.RouteDefinitionRouteLocator    : Loaded RoutePredicateFactory [CloudFoundryRouteService]
09:17:44:108  INFO 52628 --- [main] com.alibaba.nacos.common.remote.client   : [RpcClientFactory] create a new rpc client of b4606418-70e6-4c81-bc04-ed2a7795efef
09:17:44:108  INFO 52628 --- [main] com.alibaba.nacos.common.remote.client   : [b4606418-70e6-4c81-bc04-ed2a7795efef] RpcClient init label, labels = {module=naming, source=sdk}
09:17:44:110  INFO 52628 --- [main] com.alibaba.nacos.common.remote.client   : [b4606418-70e6-4c81-bc04-ed2a7795efef] RpcClient init, ServerListFactory = com.alibaba.nacos.client.naming.core.ServerListManager
09:17:44:110  INFO 52628 --- [main] com.alibaba.nacos.common.remote.client   : [b4606418-70e6-4c81-bc04-ed2a7795efef] Registry connection listener to current client:com.alibaba.nacos.client.naming.remote.gprc.redo.NamingGrpcRedoService
09:17:44:110  INFO 52628 --- [main] com.alibaba.nacos.common.remote.client   : [b4606418-70e6-4c81-bc04-ed2a7795efef] Register server push request handler:com.alibaba.nacos.client.naming.remote.gprc.NamingPushRequestHandler
09:17:44:110  INFO 52628 --- [main] com.alibaba.nacos.common.remote.client   : [b4606418-70e6-4c81-bc04-ed2a7795efef] Try to connect to server on start up, server: {serverIp = '172.25.138.243', server main port = 8848}
09:17:44:243  INFO 52628 --- [main] com.alibaba.nacos.common.remote.client   : [b4606418-70e6-4c81-bc04-ed2a7795efef] Success to connect to server [172.25.138.243:8848] on start up, connectionId = 1779844664125_172.17.0.1_44358
09:17:44:243  INFO 52628 --- [main] com.alibaba.nacos.common.remote.client   : [b4606418-70e6-4c81-bc04-ed2a7795efef] Register server push request handler:com.alibaba.nacos.common.remote.client.RpcClient$ConnectResetRequestHandler
09:17:44:243  INFO 52628 --- [main] com.alibaba.nacos.common.remote.client   : [b4606418-70e6-4c81-bc04-ed2a7795efef] Register server push request handler:com.alibaba.nacos.common.remote.client.RpcClient$$Lambda$462/0x0000000800435840
09:17:44:243  INFO 52628 --- [com.alibaba.nacos.client.remote.worker] com.alibaba.nacos.common.remote.client   : [b4606418-70e6-4c81-bc04-ed2a7795efef] Notify connected event to listeners.
09:17:44:838  INFO 52628 --- [main] o.s.b.web.embedded.netty.NettyWebServer  : Netty started on port 8080
09:17:44:854  INFO 52628 --- [nacos-grpc-client-executor-7] com.alibaba.nacos.common.remote.client   : [b4606418-70e6-4c81-bc04-ed2a7795efef] Receive server push request, request = NotifySubscriberRequest, requestId = 46
09:17:44:857  INFO 52628 --- [nacos-grpc-client-executor-7] com.alibaba.nacos.common.remote.client   : [b4606418-70e6-4c81-bc04-ed2a7795efef] Ack server push request, request = NotifySubscriberRequest, requestId = 46
09:17:46:300  INFO 52628 --- [main] c.a.c.n.registry.NacosServiceRegistry    : nacos registry, DEFAULT_GROUP hm-gateway 192.168.219.1:8080 register finished
09:17:46:315  INFO 52628 --- [main] com.hmall.gateway.GatewayApplication     : Started GatewayApplication in 10.531 seconds (JVM running for 11.549)
09:17:46:320  INFO 52628 --- [main] c.a.c.n.refresh.NacosContextRefresher    : [Nacos Config] Listening config: dataId=hm-gateway, group=DEFAULT_GROUP
09:17:46:321  INFO 52628 --- [main] c.a.c.n.refresh.NacosContextRefresher    : [Nacos Config] Listening config: dataId=hm-gateway.yaml, group=DEFAULT_GROUP
09:17:46:866  INFO 52628 --- [nacos-grpc-client-executor-12] com.alibaba.nacos.common.remote.client   : [b4606418-70e6-4c81-bc04-ed2a7795efef] Receive server push request, request = NotifySubscriberRequest, requestId = 47
09:17:46:898  INFO 52628 --- [nacos-grpc-client-executor-12] com.alibaba.nacos.common.remote.client   : [b4606418-70e6-4c81-bc04-ed2a7795efef] Ack server push request, request = NotifySubscriberRequest, requestId = 47
09:31:14:402  INFO 52628 --- [nacos-grpc-client-executor-192] com.alibaba.nacos.common.remote.client   : [b4606418-70e6-4c81-bc04-ed2a7795efef] Receive server push request, request = NotifySubscriberRequest, requestId = 69
09:31:14:404  INFO 52628 --- [nacos-grpc-client-executor-192] com.alibaba.nacos.common.remote.client   : [b4606418-70e6-4c81-bc04-ed2a7795efef] Ack server push request, request = NotifySubscriberRequest, requestId = 69
09:31:19:907  INFO 52628 --- [nacos-grpc-client-executor-195] com.alibaba.nacos.common.remote.client   : [b4606418-70e6-4c81-bc04-ed2a7795efef] Receive server push request, request = NotifySubscriberRequest, requestId = 70
09:31:19:908  INFO 52628 --- [nacos-grpc-client-executor-195] com.alibaba.nacos.common.remote.client   : [b4606418-70e6-4c81-bc04-ed2a7795efef] Ack server push request, request = NotifySubscriberRequest, requestId = 70
09:31:29:466  INFO 52628 --- [nacos-grpc-client-executor-200] com.alibaba.nacos.common.remote.client   : [b4606418-70e6-4c81-bc04-ed2a7795efef] Receive server push request, request = NotifySubscriberRequest, requestId = 73
09:31:29:467  INFO 52628 --- [nacos-grpc-client-executor-200] com.alibaba.nacos.common.remote.client   : [b4606418-70e6-4c81-bc04-ed2a7795efef] Ack server push request, request = NotifySubscriberRequest, requestId = 73
09:31:30:825  INFO 52628 --- [nacos-grpc-client-executor-204] com.alibaba.nacos.common.remote.client   : [b4606418-70e6-4c81-bc04-ed2a7795efef] Receive server push request, request = NotifySubscriberRequest, requestId = 74
09:31:30:826  INFO 52628 --- [nacos-grpc-client-executor-204] com.alibaba.nacos.common.remote.client   : [b4606418-70e6-4c81-bc04-ed2a7795efef] Ack server push request, request = NotifySubscriberRequest, requestId = 74
09:31:41:785  INFO 52628 --- [nacos-grpc-client-executor-208] com.alibaba.nacos.common.remote.client   : [b4606418-70e6-4c81-bc04-ed2a7795efef] Receive server push request, request = NotifySubscriberRequest, requestId = 76
09:31:41:785  INFO 52628 --- [nacos-grpc-client-executor-208] com.alibaba.nacos.common.remote.client   : [b4606418-70e6-4c81-bc04-ed2a7795efef] Ack server push request, request = NotifySubscriberRequest, requestId = 76
09:43:01:409  INFO 52628 --- [nacos-grpc-client-executor-361] com.alibaba.nacos.common.remote.client   : [b4606418-70e6-4c81-bc04-ed2a7795efef] Receive server push request, request = NotifySubscriberRequest, requestId = 78
09:43:01:421  INFO 52628 --- [nacos-grpc-client-executor-361] com.alibaba.nacos.common.remote.client   : [b4606418-70e6-4c81-bc04-ed2a7795efef] Ack server push request, request = NotifySubscriberRequest, requestId = 78
09:43:01:428  INFO 52628 --- [nacos-grpc-client-executor-362] com.alibaba.nacos.common.remote.client   : [b4606418-70e6-4c81-bc04-ed2a7795efef] Receive server push request, request = NotifySubscriberRequest, requestId = 80
09:43:01:430  INFO 52628 --- [nacos-grpc-client-executor-362] com.alibaba.nacos.common.remote.client   : [b4606418-70e6-4c81-bc04-ed2a7795efef] Ack server push request, request = NotifySubscriberRequest, requestId = 80
09:43:01:432  INFO 52628 --- [nacos-grpc-client-executor-363] com.alibaba.nacos.common.remote.client   : [b4606418-70e6-4c81-bc04-ed2a7795efef] Receive server push request, request = NotifySubscriberRequest, requestId = 79
09:43:01:434  INFO 52628 --- [nacos-grpc-client-executor-363] com.alibaba.nacos.common.remote.client   : [b4606418-70e6-4c81-bc04-ed2a7795efef] Ack server push request, request = NotifySubscriberRequest, requestId = 79
09:43:22:141  INFO 52628 --- [nacos-grpc-client-executor-367] com.alibaba.nacos.common.remote.client   : [b4606418-70e6-4c81-bc04-ed2a7795efef] Receive server push request, request = NotifySubscriberRequest, requestId = 84
09:43:22:143  INFO 52628 --- [nacos-grpc-client-executor-367] com.alibaba.nacos.common.remote.client   : [b4606418-70e6-4c81-bc04-ed2a7795efef] Ack server push request, request = NotifySubscriberRequest, requestId = 84
09:43:23:750  INFO 52628 --- [nacos-grpc-client-executor-369] com.alibaba.nacos.common.remote.client   : [b4606418-70e6-4c81-bc04-ed2a7795efef] Receive server push request, request = NotifySubscriberRequest, requestId = 86
09:43:23:755  INFO 52628 --- [nacos-grpc-client-executor-369] com.alibaba.nacos.common.remote.client   : [b4606418-70e6-4c81-bc04-ed2a7795efef] Ack server push request, request = NotifySubscriberRequest, requestId = 86
09:43:26:013  INFO 52628 --- [nacos-grpc-client-executor-370] com.alibaba.nacos.common.remote.client   : [b4606418-70e6-4c81-bc04-ed2a7795efef] Receive server push request, request = NotifySubscriberRequest, requestId = 89
09:43:26:017  INFO 52628 --- [nacos-grpc-client-executor-370] com.alibaba.nacos.common.remote.client   : [b4606418-70e6-4c81-bc04-ed2a7795efef] Ack server push request, request = NotifySubscriberRequest, requestId = 89
09:43:30:129  INFO 52628 --- [nacos-grpc-client-executor-372] com.alibaba.nacos.common.remote.client   : [b4606418-70e6-4c81-bc04-ed2a7795efef] Receive server push request, request = NotifySubscriberRequest, requestId = 92
09:43:30:130  INFO 52628 --- [nacos-grpc-client-executor-372] com.alibaba.nacos.common.remote.client   : [b4606418-70e6-4c81-bc04-ed2a7795efef] Ack server push request, request = NotifySubscriberRequest, requestId = 92
09:46:04:194  INFO 52628 --- [nacos-grpc-client-executor-406] com.alibaba.nacos.common.remote.client   : [b4606418-70e6-4c81-bc04-ed2a7795efef] Receive server push request, request = NotifySubscriberRequest, requestId = 96
09:46:04:207  INFO 52628 --- [nacos-grpc-client-executor-406] com.alibaba.nacos.common.remote.client   : [b4606418-70e6-4c81-bc04-ed2a7795efef] Ack server push request, request = NotifySubscriberRequest, requestId = 96
09:46:27:188  INFO 52628 --- [nacos-grpc-client-executor-410] com.alibaba.nacos.common.remote.client   : [b4606418-70e6-4c81-bc04-ed2a7795efef] Receive server push request, request = NotifySubscriberRequest, requestId = 98
09:46:27:190  INFO 52628 --- [nacos-grpc-client-executor-410] com.alibaba.nacos.common.remote.client   : [b4606418-70e6-4c81-bc04-ed2a7795efef] Ack server push request, request = NotifySubscriberRequest, requestId = 98
10:09:22:288  INFO 52628 --- [nacos-grpc-client-executor-725] com.alibaba.nacos.common.remote.client   : [b4606418-70e6-4c81-bc04-ed2a7795efef] Receive server push request, request = NotifySubscriberRequest, requestId = 102
10:09:22:320  INFO 52628 --- [nacos-grpc-client-executor-725] com.alibaba.nacos.common.remote.client   : [b4606418-70e6-4c81-bc04-ed2a7795efef] Ack server push request, request = NotifySubscriberRequest, requestId = 102
10:09:40:513  INFO 52628 --- [nacos-grpc-client-executor-729] com.alibaba.nacos.common.remote.client   : [b4606418-70e6-4c81-bc04-ed2a7795efef] Receive server push request, request = NotifySubscriberRequest, requestId = 104
10:09:40:516  INFO 52628 --- [nacos-grpc-client-executor-729] com.alibaba.nacos.common.remote.client   : [b4606418-70e6-4c81-bc04-ed2a7795efef] Ack server push request, request = NotifySubscriberRequest, requestId = 104
11:44:29:912  INFO 52628 --- [nacos-grpc-client-executor-2016] com.alibaba.nacos.common.remote.client   : [b4606418-70e6-4c81-bc04-ed2a7795efef] Receive server push request, request = NotifySubscriberRequest, requestId = 108
11:44:29:933  INFO 52628 --- [nacos-grpc-client-executor-2016] com.alibaba.nacos.common.remote.client   : [b4606418-70e6-4c81-bc04-ed2a7795efef] Ack server push request, request = NotifySubscriberRequest, requestId = 108
11:44:46:535  INFO 52628 --- [nacos-grpc-client-executor-2022] com.alibaba.nacos.common.remote.client   : [b4606418-70e6-4c81-bc04-ed2a7795efef] Receive server push request, request = NotifySubscriberRequest, requestId = 110
11:44:46:538  INFO 52628 --- [nacos-grpc-client-executor-2022] com.alibaba.nacos.common.remote.client   : [b4606418-70e6-4c81-bc04-ed2a7795efef] Ack server push request, request = NotifySubscriberRequest, requestId = 110
21:44:53:604  INFO 34908 --- [main] com.hmall.gateway.GatewayApplication     : No active profile set, falling back to 1 default profile: "default"
21:44:54:217  INFO 34908 --- [main] o.s.cloud.context.scope.GenericScope     : BeanFactory id=ab7eba3b-bca4-35ba-8e37-4bef2229baa0
21:44:54:266  INFO 34908 --- [main] trationDelegate$BeanPostProcessorChecker : Bean 'org.springframework.cloud.client.loadbalancer.reactive.LoadBalancerBeanPostProcessorAutoConfiguration' of type [org.springframework.cloud.client.loadbalancer.reactive.LoadBalancerBeanPostProcessorAutoConfiguration] is not eligible for getting processed by all BeanPostProcessors (for example: not eligible for auto-proxying)
21:44:54:267  INFO 34908 --- [main] trationDelegate$BeanPostProcessorChecker : Bean 'org.springframework.cloud.client.loadbalancer.reactive.LoadBalancerBeanPostProcessorAutoConfiguration$ReactorDeferringLoadBalancerFilterConfig' of type [org.springframework.cloud.client.loadbalancer.reactive.LoadBalancerBeanPostProcessorAutoConfiguration$ReactorDeferringLoadBalancerFilterConfig] is not eligible for getting processed by all BeanPostProcessors (for example: not eligible for auto-proxying)
21:44:54:268  INFO 34908 --- [main] trationDelegate$BeanPostProcessorChecker : Bean 'reactorDeferringLoadBalancerExchangeFilterFunction' of type [org.springframework.cloud.client.loadbalancer.reactive.DeferringLoadBalancerExchangeFilterFunction] is not eligible for getting processed by all BeanPostProcessors (for example: not eligible for auto-proxying)
21:44:54:867  INFO 34908 --- [main] c.h.gateway.route.DynamicRouteLoader     : 更新路由配置：[
    {
        "id": "item",
        "predicates": [{
            "name": "Path",
            "args": {"_genkey_0":"/items/**", "_genkey_1":"/search/**"}
        }],
        "filters": [],
        "uri": "lb://item-service"
    },
    {
        "id": "cart",
        "predicates": [{
            "name": "Path",
            "args": {"_genkey_0":"/carts/**"}
        }],
        "filters": [],
        "uri": "lb://cart-service"
    },
    {
        "id": "user",
        "predicates": [{
            "name": "Path",
            "args": {"_genkey_0":"/users/**", "_genkey_1":"/addresses/**"}
        }],
        "filters": [],
        "uri": "lb://hm-user"
    },
    {
        "id": "trade",
        "predicates": [{
            "name": "Path",
            "args": {"_genkey_0":"/orders/**"}
        }],
        "filters": [],
        "uri": "lb://trade-service"
    },
    {
        "id": "pay",
        "predicates": [{
            "name": "Path",
            "args": {"_genkey_0":"/pay-orders/**"}
        }],
        "filters": [],
        "uri": "lb://hm-pay"
    }
]
21:44:56:422  INFO 34908 --- [main] o.s.c.g.r.RouteDefinitionRouteLocator    : Loaded RoutePredicateFactory [After]
21:44:56:422  INFO 34908 --- [main] o.s.c.g.r.RouteDefinitionRouteLocator    : Loaded RoutePredicateFactory [Before]
21:44:56:422  INFO 34908 --- [main] o.s.c.g.r.RouteDefinitionRouteLocator    : Loaded RoutePredicateFactory [Between]
21:44:56:422  INFO 34908 --- [main] o.s.c.g.r.RouteDefinitionRouteLocator    : Loaded RoutePredicateFactory [Cookie]
21:44:56:422  INFO 34908 --- [main] o.s.c.g.r.RouteDefinitionRouteLocator    : Loaded RoutePredicateFactory [Header]
21:44:56:422  INFO 34908 --- [main] o.s.c.g.r.RouteDefinitionRouteLocator    : Loaded RoutePredicateFactory [Host]
21:44:56:423  INFO 34908 --- [main] o.s.c.g.r.RouteDefinitionRouteLocator    : Loaded RoutePredicateFactory [Method]
21:44:56:423  INFO 34908 --- [main] o.s.c.g.r.RouteDefinitionRouteLocator    : Loaded RoutePredicateFactory [Path]
21:44:56:423  INFO 34908 --- [main] o.s.c.g.r.RouteDefinitionRouteLocator    : Loaded RoutePredicateFactory [Query]
21:44:56:423  INFO 34908 --- [main] o.s.c.g.r.RouteDefinitionRouteLocator    : Loaded RoutePredicateFactory [ReadBody]
21:44:56:423  INFO 34908 --- [main] o.s.c.g.r.RouteDefinitionRouteLocator    : Loaded RoutePredicateFactory [RemoteAddr]
21:44:56:423  INFO 34908 --- [main] o.s.c.g.r.RouteDefinitionRouteLocator    : Loaded RoutePredicateFactory [XForwardedRemoteAddr]
21:44:56:423  INFO 34908 --- [main] o.s.c.g.r.RouteDefinitionRouteLocator    : Loaded RoutePredicateFactory [Weight]
21:44:56:423  INFO 34908 --- [main] o.s.c.g.r.RouteDefinitionRouteLocator    : Loaded RoutePredicateFactory [CloudFoundryRouteService]
21:44:57:263  INFO 34908 --- [main] com.alibaba.nacos.common.remote.client   : [RpcClientFactory] create a new rpc client of 26c3f26d-82cf-4bbe-9fad-221e47304ad6
21:44:57:263  INFO 34908 --- [main] com.alibaba.nacos.common.remote.client   : [26c3f26d-82cf-4bbe-9fad-221e47304ad6] RpcClient init label, labels = {module=naming, source=sdk}
21:44:57:267  INFO 34908 --- [main] com.alibaba.nacos.common.remote.client   : [26c3f26d-82cf-4bbe-9fad-221e47304ad6] RpcClient init, ServerListFactory = com.alibaba.nacos.client.naming.core.ServerListManager
21:44:57:267  INFO 34908 --- [main] com.alibaba.nacos.common.remote.client   : [26c3f26d-82cf-4bbe-9fad-221e47304ad6] Registry connection listener to current client:com.alibaba.nacos.client.naming.remote.gprc.redo.NamingGrpcRedoService
21:44:57:268  INFO 34908 --- [main] com.alibaba.nacos.common.remote.client   : [26c3f26d-82cf-4bbe-9fad-221e47304ad6] Register server push request handler:com.alibaba.nacos.client.naming.remote.gprc.NamingPushRequestHandler
21:44:57:268  INFO 34908 --- [main] com.alibaba.nacos.common.remote.client   : [26c3f26d-82cf-4bbe-9fad-221e47304ad6] Try to connect to server on start up, server: {serverIp = '172.25.138.243', server main port = 8848}
21:44:57:406  INFO 34908 --- [main] com.alibaba.nacos.common.remote.client   : [26c3f26d-82cf-4bbe-9fad-221e47304ad6] Success to connect to server [172.25.138.243:8848] on start up, connectionId = 1779889497927_172.17.0.1_55646
21:44:57:406  INFO 34908 --- [main] com.alibaba.nacos.common.remote.client   : [26c3f26d-82cf-4bbe-9fad-221e47304ad6] Register server push request handler:com.alibaba.nacos.common.remote.client.RpcClient$ConnectResetRequestHandler
21:44:57:406  INFO 34908 --- [main] com.alibaba.nacos.common.remote.client   : [26c3f26d-82cf-4bbe-9fad-221e47304ad6] Register server push request handler:com.alibaba.nacos.common.remote.client.RpcClient$$Lambda$462/0x0000000800435840
21:44:57:406  INFO 34908 --- [com.alibaba.nacos.client.remote.worker] com.alibaba.nacos.common.remote.client   : [26c3f26d-82cf-4bbe-9fad-221e47304ad6] Notify connected event to listeners.
21:44:57:970  INFO 34908 --- [main] o.s.b.web.embedded.netty.NettyWebServer  : Netty started on port 8080
21:44:57:981  INFO 34908 --- [nacos-grpc-client-executor-5] com.alibaba.nacos.common.remote.client   : [26c3f26d-82cf-4bbe-9fad-221e47304ad6] Receive server push request, request = NotifySubscriberRequest, requestId = 114
21:44:57:984  INFO 34908 --- [nacos-grpc-client-executor-5] com.alibaba.nacos.common.remote.client   : [26c3f26d-82cf-4bbe-9fad-221e47304ad6] Ack server push request, request = NotifySubscriberRequest, requestId = 114
21:45:00:097  INFO 34908 --- [main] c.a.c.n.registry.NacosServiceRegistry    : nacos registry, DEFAULT_GROUP hm-gateway 192.168.219.1:8080 register finished
21:45:00:113  INFO 34908 --- [main] com.hmall.gateway.GatewayApplication     : Started GatewayApplication in 10.636 seconds (JVM running for 11.741)
21:45:00:116  INFO 34908 --- [main] c.a.c.n.refresh.NacosContextRefresher    : [Nacos Config] Listening config: dataId=hm-gateway, group=DEFAULT_GROUP
21:45:00:117  INFO 34908 --- [main] c.a.c.n.refresh.NacosContextRefresher    : [Nacos Config] Listening config: dataId=hm-gateway.yaml, group=DEFAULT_GROUP
21:45:00:611  INFO 34908 --- [nacos-grpc-client-executor-10] com.alibaba.nacos.common.remote.client   : [26c3f26d-82cf-4bbe-9fad-221e47304ad6] Receive server push request, request = NotifySubscriberRequest, requestId = 115
21:45:00:616  INFO 34908 --- [nacos-grpc-client-executor-10] com.alibaba.nacos.common.remote.client   : [26c3f26d-82cf-4bbe-9fad-221e47304ad6] Ack server push request, request = NotifySubscriberRequest, requestId = 115
21:52:18:161  INFO 34908 --- [nacos-grpc-client-executor-120] com.alibaba.nacos.common.remote.client   : [26c3f26d-82cf-4bbe-9fad-221e47304ad6] Receive server push request, request = NotifySubscriberRequest, requestId = 130
21:52:18:163  INFO 34908 --- [nacos-grpc-client-executor-120] com.alibaba.nacos.common.remote.client   : [26c3f26d-82cf-4bbe-9fad-221e47304ad6] Ack server push request, request = NotifySubscriberRequest, requestId = 130
21:52:29:829  INFO 34908 --- [nacos-grpc-client-executor-124] com.alibaba.nacos.common.remote.client   : [26c3f26d-82cf-4bbe-9fad-221e47304ad6] Receive server push request, request = NotifySubscriberRequest, requestId = 131
21:52:29:830  INFO 34908 --- [nacos-grpc-client-executor-124] com.alibaba.nacos.common.remote.client   : [26c3f26d-82cf-4bbe-9fad-221e47304ad6] Ack server push request, request = NotifySubscriberRequest, requestId = 131
21:52:31:882  INFO 34908 --- [nacos-grpc-client-executor-127] com.alibaba.nacos.common.remote.client   : [26c3f26d-82cf-4bbe-9fad-221e47304ad6] Receive server push request, request = NotifySubscriberRequest, requestId = 132
21:52:31:882  INFO 34908 --- [nacos-grpc-client-executor-127] com.alibaba.nacos.common.remote.client   : [26c3f26d-82cf-4bbe-9fad-221e47304ad6] Ack server push request, request = NotifySubscriberRequest, requestId = 132
21:52:48:849  INFO 34908 --- [nacos-grpc-client-executor-133] com.alibaba.nacos.common.remote.client   : [26c3f26d-82cf-4bbe-9fad-221e47304ad6] Receive server push request, request = NotifySubscriberRequest, requestId = 134
21:52:48:850  INFO 34908 --- [nacos-grpc-client-executor-133] com.alibaba.nacos.common.remote.client   : [26c3f26d-82cf-4bbe-9fad-221e47304ad6] Ack server push request, request = NotifySubscriberRequest, requestId = 134
21:52:50:717  INFO 34908 --- [nacos-grpc-client-executor-137] com.alibaba.nacos.common.remote.client   : [26c3f26d-82cf-4bbe-9fad-221e47304ad6] Receive server push request, request = NotifySubscriberRequest, requestId = 137
21:52:50:720  INFO 34908 --- [nacos-grpc-client-executor-137] com.alibaba.nacos.common.remote.client   : [26c3f26d-82cf-4bbe-9fad-221e47304ad6] Ack server push request, request = NotifySubscriberRequest, requestId = 137
